Started GET "/stocks" for ::1 at 2019-04-15 12:16:50 +1000
Processing by StocksController#show as HTML
  Rendering stocks/show.html.erb within layouts/application
  Rendered stocks/show.html.erb within layouts/application (1.4ms)
Completed 200 OK in 173ms (Views: 168.4ms | ActiveRecord: 0.0ms)


Started GET "/stocks" for ::1 at 2019-04-15 12:17:10 +1000
Processing by StocksController#show as HTML
  Rendering stocks/show.html.erb within layouts/application
  Rendered stocks/show.html.erb within layouts/application (0.3ms)
Completed 200 OK in 10ms (Views: 9.7ms | ActiveRecord: 0.0ms)


Started GET "/books" for ::1 at 2019-04-15 12:17:15 +1000
Processing by BooksController#show as HTML
  Rendering books/show.html.erb within layouts/application
  Rendered books/show.html.erb within layouts/application (0.3ms)
Completed 200 OK in 11ms (Views: 10.1ms | ActiveRecord: 0.0ms)


Started GET "/" for ::1 at 2019-04-15 12:17:19 +1000
  
ActionController::RoutingError (uninitialized constant PagesController):
  
bootsnap (1.4.3) lib/bootsnap/load_path_cache/core_ext/active_support.rb:79:in `block in load_missing_constant'
bootsnap (1.4.3) lib/bootsnap/load_path_cache/core_ext/active_support.rb:8:in `without_bootsnap_cache'
bootsnap (1.4.3) lib/bootsnap/load_path_cache/core_ext/active_support.rb:79:in `rescue in load_missing_constant'
bootsnap (1.4.3) lib/bootsnap/load_path_cache/core_ext/active_support.rb:58:in `load_missing_constant'
activesupport (5.2.3) lib/active_support/inflector/methods.rb:283:in `const_get'
activesupport (5.2.3) lib/active_support/inflector/methods.rb:283:in `block in constantize'
activesupport (5.2.3) lib/active_support/inflector/methods.rb:281:in `each'
activesupport (5.2.3) lib/active_support/inflector/methods.rb:281:in `inject'
activesupport (5.2.3) lib/active_support/inflector/methods.rb:281:in `constantize'
actionpack (5.2.3) lib/action_dispatch/http/request.rb:88:in `controller_class_for'
actionpack (5.2.3) lib/action_dispatch/http/request.rb:81:in `controller_class'
actionpack (5.2.3) lib/action_dispatch/routing/route_set.rb:46:in `controller'
actionpack (5.2.3) lib/action_dispatch/routing/route_set.rb:32:in `serve'
actionpack (5.2.3) lib/action_dispatch/journey/router.rb:52:in `block in serve'
actionpack (5.2.3) lib/action_dispatch/journey/router.rb:35:in `each'
actionpack (5.2.3) lib/action_dispatch/journey/router.rb:35:in `serve'
actionpack (5.2.3) lib/action_dispatch/routing/route_set.rb:840:in `call'
rack (2.0.7) lib/rack/tempfile_reaper.rb:15:in `call'
rack (2.0.7) lib/rack/etag.rb:25:in `call'
rack (2.0.7) lib/rack/conditional_get.rb:25:in `call'
rack (2.0.7) lib/rack/head.rb:12:in `call'
actionpack (5.2.3) lib/action_dispatch/http/content_security_policy.rb:18:in `call'
rack (2.0.7) lib/rack/session/abstract/id.rb:232:in `context'
rack (2.0.7) lib/rack/session/abstract/id.rb:226:in `call'
actionpack (5.2.3) lib/action_dispatch/middleware/cookies.rb:670:in `call'
activerecord (5.2.3) lib/active_record/migration.rb:559:in `call'
actionpack (5.2.3) lib/action_dispatch/middleware/callbacks.rb:28:in `block in call'
activesupport (5.2.3) lib/active_support/callbacks.rb:98:in `run_callbacks'
actionpack (5.2.3) lib/action_dispatch/middleware/callbacks.rb:26:in `call'
actionpack (5.2.3) lib/action_dispatch/middleware/executor.rb:14:in `call'
actionpack (5.2.3) lib/action_dispatch/middleware/debug_exceptions.rb:61:in `call'
web-console (3.7.0) lib/web_console/middleware.rb:135:in `call_app'
web-console (3.7.0) lib/web_console/middleware.rb:30:in `block in call'
web-console (3.7.0) lib/web_console/middleware.rb:20:in `catch'
web-console (3.7.0) lib/web_console/middleware.rb:20:in `call'
actionpack (5.2.3) lib/action_dispatch/middleware/show_exceptions.rb:33:in `call'
railties (5.2.3) lib/rails/rack/logger.rb:38:in `call_app'
railties (5.2.3) lib/rails/rack/logger.rb:26:in `block in call'
activesupport (5.2.3) lib/active_support/tagged_logging.rb:71:in `block in tagged'
activesupport (5.2.3) lib/active_support/tagged_logging.rb:28:in `tagged'
activesupport (5.2.3) lib/active_support/tagged_logging.rb:71:in `tagged'
railties (5.2.3) lib/rails/rack/logger.rb:26:in `call'
sprockets-rails (3.2.1) lib/sprockets/rails/quiet_assets.rb:13:in `call'
actionpack (5.2.3) lib/action_dispatch/middleware/remote_ip.rb:81:in `call'
actionpack (5.2.3) lib/action_dispatch/middleware/request_id.rb:27:in `call'
rack (2.0.7) lib/rack/method_override.rb:22:in `call'
rack (2.0.7) lib/rack/runtime.rb:22:in `call'
activesupport (5.2.3) lib/active_support/cache/strategy/local_cache_middleware.rb:29:in `call'
actionpack (5.2.3) lib/action_dispatch/middleware/executor.rb:14:in `call'
actionpack (5.2.3) lib/action_dispatch/middleware/static.rb:127:in `call'
rack (2.0.7) lib/rack/sendfile.rb:111:in `call'
railties (5.2.3) lib/rails/engine.rb:524:in `call'
puma (3.12.1) lib/puma/configuration.rb:227:in `call'
puma (3.12.1) lib/puma/server.rb:660:in `handle_request'
puma (3.12.1) lib/puma/server.rb:474:in `process_client'
puma (3.12.1) lib/puma/server.rb:334:in `block in run'
puma (3.12.1) lib/puma/thread_pool.rb:135:in `block in spawn_thread'
Started GET "/hello" for ::1 at 2019-04-15 12:19:59 +1000
Processing by PagesController#hello as HTML
Completed 500 Internal Server Error in 2ms (ActiveRecord: 0.0ms)


  
ActionView::MissingTemplate (Missing template pages/show, application/show with {:locale=>[:en], :formats=>[:html], :variants=>[], :handlers=>[:raw, :erb, :html, :builder, :ruby, :coffee, :jbuilder]}. Searched in:
  * "/Users/mabethborres/Projects/rails/stocks_books/app/views"
):
  
app/controllers/pages_controller.rb:3:in `hello'
Started GET "/hello" for ::1 at 2019-04-15 12:20:14 +1000
Processing by PagesController#hello as HTML
  Rendering pages/hello.html.erb within layouts/application
  Rendered pages/hello.html.erb within layouts/application (0.2ms)
Completed 200 OK in 8ms (Views: 7.6ms | ActiveRecord: 0.0ms)


Started GET "/hello" for ::1 at 2019-04-15 12:21:12 +1000
Processing by PagesController#hello as HTML
  Rendering pages/hello.html.erb within layouts/application
  Rendered pages/hello.html.erb within layouts/application (0.3ms)
Completed 200 OK in 10ms (Views: 9.1ms | ActiveRecord: 0.0ms)


Started GET "/stocks" for ::1 at 2019-04-15 12:21:13 +1000
Processing by StocksController#show as HTML
  Rendering stocks/show.html.erb within layouts/application
  Rendered stocks/show.html.erb within layouts/application (0.3ms)
Completed 200 OK in 10ms (Views: 9.5ms | ActiveRecord: 0.0ms)


Started GET "/books" for ::1 at 2019-04-15 12:21:16 +1000
Processing by BooksController#show as HTML
  Rendering books/show.html.erb within layouts/application
  Rendered books/show.html.erb within layouts/application (0.3ms)
Completed 200 OK in 12ms (Views: 11.1ms | ActiveRecord: 0.0ms)


Started GET "/books" for ::1 at 2019-04-15 12:25:43 +1000
Processing by BooksController#show as HTML
  Rendering books/show.html.erb within layouts/application
  Rendered books/show.html.erb within layouts/application (0.3ms)
Completed 200 OK in 21ms (Views: 20.8ms | ActiveRecord: 0.0ms)


Started GET "/result?booktitle=Jaws" for ::1 at 2019-04-15 12:25:51 +1000
Processing by BooksController#result as HTML
  Parameters: {"booktitle"=>"Jaws"}
  Rendering books/result.html.erb within layouts/application
  Rendered books/result.html.erb within layouts/application (0.4ms)
Completed 200 OK in 834ms (Views: 8.8ms | ActiveRecord: 0.0ms)


Started GET "/result?booktitle=Jaws" for ::1 at 2019-04-15 12:26:00 +1000
Processing by BooksController#result as HTML
  Parameters: {"booktitle"=>"Jaws"}
  Rendering books/result.html.erb within layouts/application
  Rendered books/result.html.erb within layouts/application (0.4ms)
Completed 200 OK in 717ms (Views: 8.3ms | ActiveRecord: 0.0ms)


Started GET "/" for ::1 at 2019-04-15 12:26:30 +1000
Processing by PagesController#hello as HTML
  Rendering pages/hello.html.erb within layouts/application
  Rendered pages/hello.html.erb within layouts/application (0.3ms)
Completed 200 OK in 9ms (Views: 8.3ms | ActiveRecord: 0.0ms)


Started GET "/books" for ::1 at 2019-04-15 12:26:39 +1000
Processing by BooksController#show as HTML
  Rendering books/show.html.erb within layouts/application
  Rendered books/show.html.erb within layouts/application (0.3ms)
Completed 200 OK in 11ms (Views: 10.7ms | ActiveRecord: 0.0ms)


Started GET "/stocks" for ::1 at 2019-04-15 12:26:44 +1000
Processing by StocksController#show as HTML
  Rendering stocks/show.html.erb within layouts/application
  Rendered stocks/show.html.erb within layouts/application (0.4ms)
Completed 200 OK in 12ms (Views: 11.8ms | ActiveRecord: 0.0ms)


Started GET "/stocks" for ::1 at 2019-04-15 12:31:17 +1000
Processing by StocksController#show as HTML
  Rendering stocks/show.html.erb within layouts/application
  Rendered stocks/show.html.erb within layouts/application (0.3ms)
Completed 200 OK in 9ms (Views: 8.3ms | ActiveRecord: 0.0ms)


Started GET "/stocksresults?companyname=GOOG" for ::1 at 2019-04-15 12:31:22 +1000
Processing by StocksController#result as HTML
  Parameters: {"companyname"=>"GOOG"}
  Rendering stocks/result.html.erb within layouts/application
  Rendered stocks/result.html.erb within layouts/application (0.4ms)
Completed 200 OK in 2559ms (Views: 9.3ms | ActiveRecord: 0.0ms)


Started GET "/" for ::1 at 2019-04-15 12:32:38 +1000
Processing by PagesController#hello as HTML
  Rendering pages/hello.html.erb within layouts/application
  Rendered pages/hello.html.erb within layouts/application (0.3ms)
Completed 200 OK in 40ms (Views: 39.3ms | ActiveRecord: 0.0ms)


Started GET "/stocks" for ::1 at 2019-04-15 12:32:45 +1000
Processing by StocksController#show as HTML
  Rendering stocks/show.html.erb within layouts/application
  Rendered stocks/show.html.erb within layouts/application (0.3ms)
Completed 200 OK in 14ms (Views: 13.7ms | ActiveRecord: 0.0ms)


Started GET "/books" for ::1 at 2019-04-15 12:32:51 +1000
Processing by BooksController#show as HTML
  Rendering books/show.html.erb within layouts/application
  Rendered books/show.html.erb within layouts/application (0.7ms)
Completed 200 OK in 13ms (Views: 12.6ms | ActiveRecord: 0.0ms)


Started GET "/result?booktitle=Jaws" for ::1 at 2019-04-15 12:32:54 +1000
Processing by BooksController#result as HTML
  Parameters: {"booktitle"=>"Jaws"}
  Rendering books/result.html.erb within layouts/application
  Rendered books/result.html.erb within layouts/application (0.5ms)
Completed 200 OK in 563ms (Views: 9.2ms | ActiveRecord: 0.0ms)


Started GET "/" for ::1 at 2019-04-15 12:33:05 +1000
Processing by PagesController#hello as HTML
  Rendering pages/hello.html.erb within layouts/application
  Rendered pages/hello.html.erb within layouts/application (0.7ms)
Completed 200 OK in 11ms (Views: 10.7ms | ActiveRecord: 0.0ms)


Started GET "/stocks" for ::1 at 2019-04-15 12:33:06 +1000
Processing by StocksController#show as HTML
  Rendering stocks/show.html.erb within layouts/application
  Rendered stocks/show.html.erb within layouts/application (0.4ms)
Completed 200 OK in 13ms (Views: 13.0ms | ActiveRecord: 0.0ms)


Started GET "/stocksresults?companyname=BRK.A+" for ::1 at 2019-04-15 12:33:10 +1000
Processing by StocksController#result as HTML
  Parameters: {"companyname"=>"BRK.A "}
  Rendering stocks/result.html.erb within layouts/application
  Rendered stocks/result.html.erb within layouts/application (0.4ms)
Completed 200 OK in 880ms (Views: 9.4ms | ActiveRecord: 0.0ms)


Started GET "/" for ::1 at 2019-04-15 12:33:29 +1000
Processing by PagesController#hello as HTML
  Rendering pages/hello.html.erb within layouts/application
  Rendered pages/hello.html.erb within layouts/application (0.3ms)
Completed 200 OK in 10ms (Views: 9.0ms | ActiveRecord: 0.0ms)


Started GET "/books" for ::1 at 2019-04-15 12:33:30 +1000
Processing by BooksController#show as HTML
  Rendering books/show.html.erb within layouts/application
  Rendered books/show.html.erb within layouts/application (0.3ms)
Completed 200 OK in 24ms (Views: 23.5ms | ActiveRecord: 0.0ms)


Started GET "/result?booktitle=gremlin" for ::1 at 2019-04-15 12:33:35 +1000
Processing by BooksController#result as HTML
  Parameters: {"booktitle"=>"gremlin"}
  Rendering books/result.html.erb within layouts/application
  Rendered books/result.html.erb within layouts/application (0.5ms)
Completed 200 OK in 793ms (Views: 8.6ms | ActiveRecord: 0.0ms)


Started GET "/" for ::1 at 2019-04-15 12:35:01 +1000
Processing by PagesController#hello as HTML
  Rendering pages/hello.html.erb within layouts/application
  Rendered pages/hello.html.erb within layouts/application (0.3ms)
Completed 200 OK in 10ms (Views: 9.3ms | ActiveRecord: 0.0ms)


Started GET "/" for ::1 at 2019-04-15 12:35:02 +1000
Processing by PagesController#hello as HTML
  Rendering pages/hello.html.erb within layouts/application
  Rendered pages/hello.html.erb within layouts/application (0.2ms)
Completed 200 OK in 8ms (Views: 7.4ms | ActiveRecord: 0.0ms)


Started GET "/stocks" for ::1 at 2019-04-15 12:35:04 +1000
Processing by StocksController#show as HTML
  Rendering stocks/show.html.erb within layouts/application
  Rendered stocks/show.html.erb within layouts/application (0.3ms)
Completed 200 OK in 11ms (Views: 10.5ms | ActiveRecord: 0.0ms)


Started GET "/stocksresults?companyname=BRK.A+" for ::1 at 2019-04-15 12:35:07 +1000
Processing by StocksController#result as HTML
  Parameters: {"companyname"=>"BRK.A "}
  Rendering stocks/result.html.erb within layouts/application
  Rendered stocks/result.html.erb within layouts/application (0.4ms)
Completed 200 OK in 1102ms (Views: 7.1ms | ActiveRecord: 0.0ms)


Started GET "/stocks" for ::1 at 2019-04-15 12:35:53 +1000
Processing by StocksController#show as HTML
  Rendering stocks/show.html.erb within layouts/application
  Rendered stocks/show.html.erb within layouts/application (0.3ms)
Completed 200 OK in 15ms (Views: 14.7ms | ActiveRecord: 0.0ms)


Started GET "/stocks" for ::1 at 2019-04-15 12:35:54 +1000
Processing by StocksController#show as HTML
  Rendering stocks/show.html.erb within layouts/application
  Rendered stocks/show.html.erb within layouts/application (0.3ms)
Completed 200 OK in 11ms (Views: 11.1ms | ActiveRecord: 0.0ms)


Started GET "/stocks" for ::1 at 2019-04-15 12:35:55 +1000
Processing by StocksController#show as HTML
  Rendering stocks/show.html.erb within layouts/application
  Rendered stocks/show.html.erb within layouts/application (0.3ms)
Completed 200 OK in 10ms (Views: 9.5ms | ActiveRecord: 0.0ms)


Started GET "/stocks" for ::1 at 2019-04-15 12:35:55 +1000
Processing by StocksController#show as HTML
  Rendering stocks/show.html.erb within layouts/application
  Rendered stocks/show.html.erb within layouts/application (0.3ms)
Completed 200 OK in 10ms (Views: 10.1ms | ActiveRecord: 0.0ms)


Started GET "/stocks" for ::1 at 2019-04-15 12:35:55 +1000
Processing by StocksController#show as HTML
  Rendering stocks/show.html.erb within layouts/application
  Rendered stocks/show.html.erb within layouts/application (0.3ms)
Completed 200 OK in 23ms (Views: 22.1ms | ActiveRecord: 0.0ms)


Started GET "/stocks" for ::1 at 2019-04-15 12:35:55 +1000
Processing by StocksController#show as HTML
  Rendering stocks/show.html.erb within layouts/application
  Rendered stocks/show.html.erb within layouts/application (0.3ms)
Completed 200 OK in 10ms (Views: 9.5ms | ActiveRecord: 0.0ms)


Started GET "/stocksresults?companyname=oanda" for ::1 at 2019-04-15 12:36:01 +1000
Processing by StocksController#result as HTML
  Parameters: {"companyname"=>"oanda"}
Completed 500 Internal Server Error in 1760ms (ActiveRecord: 0.0ms)


  
NoMethodError (undefined method `to' for #<StocksController:0x00007ffd9a544148>
Did you mean?  t):
  
app/controllers/stocks_controller.rb:14:in `result'
Started GET "/stocksresults?companyname=GOOG" for ::1 at 2019-04-15 12:36:17 +1000
Processing by StocksController#result as HTML
  Parameters: {"companyname"=>"GOOG"}
  Rendering stocks/result.html.erb within layouts/application
  Rendered stocks/result.html.erb within layouts/application (0.3ms)
Completed 200 OK in 974ms (Views: 23.4ms | ActiveRecord: 0.0ms)


Started GET "/" for ::1 at 2019-04-15 12:38:40 +1000
Processing by PagesController#hello as HTML
  Rendering pages/hello.html.erb within layouts/application
  Rendered pages/hello.html.erb within layouts/application (0.4ms)
Completed 200 OK in 20ms (Views: 19.0ms | ActiveRecord: 0.0ms)


Started GET "/books" for ::1 at 2019-04-15 12:38:42 +1000
Processing by BooksController#show as HTML
  Rendering books/show.html.erb within layouts/application
  Rendered books/show.html.erb within layouts/application (0.4ms)
Completed 200 OK in 24ms (Views: 22.7ms | ActiveRecord: 0.0ms)


Started GET "/" for ::1 at 2019-04-15 14:02:33 +1000
Processing by PagesController#hello as HTML
  Rendering pages/hello.html.erb within layouts/application
  Rendered pages/hello.html.erb within layouts/application (0.3ms)
Completed 200 OK in 39ms (Views: 38.1ms | ActiveRecord: 0.0ms)


Started GET "/stocks" for ::1 at 2019-04-15 14:02:35 +1000
Processing by StocksController#show as HTML
  Rendering stocks/show.html.erb within layouts/application
  Rendered stocks/show.html.erb within layouts/application (0.7ms)
Completed 200 OK in 16ms (Views: 15.0ms | ActiveRecord: 0.0ms)


Started GET "/stocksresults?companyname=BRK.A+" for ::1 at 2019-04-15 14:02:38 +1000
Processing by StocksController#result as HTML
  Parameters: {"companyname"=>"BRK.A "}
Completed 500 Internal Server Error in 1ms (ActiveRecord: 0.0ms)


  
NoMethodError (undefined method `pry' for #<Binding:0x00007ffd98e408c0>
Did you mean?  try):
  
app/controllers/stocks_controller.rb:7:in `result'
Started PUT "/__web_console/repl_sessions/6540fe3aeedefcb71b83c39491bb8d31" for ::1 at 2019-04-15 14:02:47 +1000
Started PUT "/__web_console/repl_sessions/6540fe3aeedefcb71b83c39491bb8d31" for ::1 at 2019-04-15 14:02:48 +1000
Started GET "/stocks" for ::1 at 2019-04-15 14:12:19 +1000
Processing by StocksController#show as HTML
  Rendering stocks/show.html.erb within layouts/application
  Rendered stocks/show.html.erb within layouts/application (0.3ms)
Completed 200 OK in 26ms (Views: 25.4ms | ActiveRecord: 0.0ms)


Started GET "/" for ::1 at 2019-04-15 14:12:25 +1000
Processing by PagesController#hello as HTML
  Rendering pages/hello.html.erb within layouts/application
  Rendered pages/hello.html.erb within layouts/application (0.6ms)
Completed 200 OK in 16ms (Views: 15.0ms | ActiveRecord: 0.0ms)


Started GET "/stocks" for ::1 at 2019-04-15 14:12:31 +1000
Processing by StocksController#show as HTML
  Rendering stocks/show.html.erb within layouts/application
  Rendered stocks/show.html.erb within layouts/application (0.4ms)
Completed 200 OK in 14ms (Views: 13.7ms | ActiveRecord: 0.0ms)


Started GET "/stocksresults?companyname=AAPL" for ::1 at 2019-04-15 14:12:36 +1000
Processing by StocksController#result as HTML
  Parameters: {"companyname"=>"AAPL"}
Completed 500 Internal Server Error in 2ms (ActiveRecord: 0.0ms)


  
NoMethodError (undefined method `pry' for #<Binding:0x00007ffd987e7460>
Did you mean?  try):
  
app/controllers/stocks_controller.rb:7:in `result'
Started GET "/stocks" for ::1 at 2019-04-15 14:12:47 +1000
Processing by StocksController#show as HTML
  Rendering stocks/show.html.erb within layouts/application
  Rendered stocks/show.html.erb within layouts/application (0.3ms)
Completed 200 OK in 23ms (Views: 23.0ms | ActiveRecord: 0.0ms)


Started GET "/stocksresults?companyname=AAPL" for ::1 at 2019-04-15 14:12:51 +1000
Processing by StocksController#result as HTML
  Parameters: {"companyname"=>"AAPL"}
  Rendering stocks/result.html.erb within layouts/application
  Rendered stocks/result.html.erb within layouts/application (0.4ms)
Completed 200 OK in 988ms (Views: 10.7ms | ActiveRecord: 0.0ms)


Started GET "/" for ::1 at 2019-04-15 14:13:12 +1000
Processing by PagesController#hello as HTML
  Rendering pages/hello.html.erb within layouts/application
  Rendered pages/hello.html.erb within layouts/application (0.5ms)
Completed 200 OK in 13ms (Views: 11.9ms | ActiveRecord: 0.0ms)


Started GET "/books" for ::1 at 2019-04-15 14:13:13 +1000
Processing by BooksController#show as HTML
  Rendering books/show.html.erb within layouts/application
  Rendered books/show.html.erb within layouts/application (0.6ms)
Completed 200 OK in 11ms (Views: 9.9ms | ActiveRecord: 0.0ms)


Started GET "/result?booktitle=shawshank+redemption" for ::1 at 2019-04-15 14:13:18 +1000
Processing by BooksController#result as HTML
  Parameters: {"booktitle"=>"shawshank redemption"}
  Rendering books/result.html.erb within layouts/application
  Rendered books/result.html.erb within layouts/application (0.4ms)
Completed 200 OK in 1465ms (Views: 7.4ms | ActiveRecord: 0.0ms)


Started GET "/" for ::1 at 2019-04-15 14:23:44 +1000
Processing by PagesController#hello as HTML
  Rendering pages/hello.html.erb within layouts/application
  Rendered pages/hello.html.erb within layouts/application (0.3ms)
Completed 200 OK in 14ms (Views: 13.3ms | ActiveRecord: 0.0ms)


Started GET "/stocks" for ::1 at 2019-04-15 14:23:46 +1000
Processing by StocksController#show as HTML
  Rendering stocks/show.html.erb within layouts/application
  Rendered stocks/show.html.erb within layouts/application (0.6ms)
Completed 200 OK in 15ms (Views: 14.7ms | ActiveRecord: 0.0ms)


Started GET "/stocksresults?companyname=BRK.A+" for ::1 at 2019-04-15 14:23:50 +1000
Processing by StocksController#result as HTML
  Parameters: {"companyname"=>"BRK.A "}
  Rendering stocks/result.html.erb within layouts/application
  Rendered stocks/result.html.erb within layouts/application (0.4ms)
Completed 200 OK in 767ms (Views: 10.1ms | ActiveRecord: 0.0ms)


Started GET "/stocks" for ::1 at 2019-04-15 14:31:01 +1000
Processing by StocksController#show as HTML
  Rendering stocks/show.html.erb within layouts/application
  Rendered stocks/show.html.erb within layouts/application (0.3ms)
Completed 200 OK in 11ms (Views: 10.5ms | ActiveRecord: 0.0ms)


Started GET "/stocks" for ::1 at 2019-04-15 14:31:02 +1000
Processing by StocksController#show as HTML
  Rendering stocks/show.html.erb within layouts/application
  Rendered stocks/show.html.erb within layouts/application (0.3ms)
Completed 200 OK in 11ms (Views: 10.5ms | ActiveRecord: 0.0ms)


Started GET "/stocks" for ::1 at 2019-04-15 14:31:02 +1000
Processing by StocksController#show as HTML
  Rendering stocks/show.html.erb within layouts/application
  Rendered stocks/show.html.erb within layouts/application (0.3ms)
Completed 200 OK in 11ms (Views: 10.3ms | ActiveRecord: 0.0ms)


Started GET "/stocks" for ::1 at 2019-04-15 14:31:02 +1000
Processing by StocksController#show as HTML
  Rendering stocks/show.html.erb within layouts/application
  Rendered stocks/show.html.erb within layouts/application (0.3ms)
Completed 200 OK in 10ms (Views: 9.8ms | ActiveRecord: 0.0ms)


Started GET "/img/books.jpeg" for ::1 at 2019-04-15 14:31:27 +1000
  
ActionController::RoutingError (No route matches [GET] "/img/books.jpeg"):
  
actionpack (5.2.3) lib/action_dispatch/middleware/debug_exceptions.rb:65:in `call'
web-console (3.7.0) lib/web_console/middleware.rb:135:in `call_app'
web-console (3.7.0) lib/web_console/middleware.rb:30:in `block in call'
web-console (3.7.0) lib/web_console/middleware.rb:20:in `catch'
web-console (3.7.0) lib/web_console/middleware.rb:20:in `call'
actionpack (5.2.3) lib/action_dispatch/middleware/show_exceptions.rb:33:in `call'
railties (5.2.3) lib/rails/rack/logger.rb:38:in `call_app'
railties (5.2.3) lib/rails/rack/logger.rb:26:in `block in call'
activesupport (5.2.3) lib/active_support/tagged_logging.rb:71:in `block in tagged'
activesupport (5.2.3) lib/active_support/tagged_logging.rb:28:in `tagged'
activesupport (5.2.3) lib/active_support/tagged_logging.rb:71:in `tagged'
railties (5.2.3) lib/rails/rack/logger.rb:26:in `call'
sprockets-rails (3.2.1) lib/sprockets/rails/quiet_assets.rb:13:in `call'
actionpack (5.2.3) lib/action_dispatch/middleware/remote_ip.rb:81:in `call'
actionpack (5.2.3) lib/action_dispatch/middleware/request_id.rb:27:in `call'
rack (2.0.7) lib/rack/method_override.rb:22:in `call'
rack (2.0.7) lib/rack/runtime.rb:22:in `call'
activesupport (5.2.3) lib/active_support/cache/strategy/local_cache_middleware.rb:29:in `call'
actionpack (5.2.3) lib/action_dispatch/middleware/executor.rb:14:in `call'
actionpack (5.2.3) lib/action_dispatch/middleware/static.rb:127:in `call'
rack (2.0.7) lib/rack/sendfile.rb:111:in `call'
railties (5.2.3) lib/rails/engine.rb:524:in `call'
puma (3.12.1) lib/puma/configuration.rb:227:in `call'
puma (3.12.1) lib/puma/server.rb:660:in `handle_request'
puma (3.12.1) lib/puma/server.rb:474:in `process_client'
puma (3.12.1) lib/puma/server.rb:334:in `block in run'
puma (3.12.1) lib/puma/thread_pool.rb:135:in `block in spawn_thread'
Started GET "/stocks" for ::1 at 2019-04-15 14:31:48 +1000
Processing by StocksController#show as HTML
  Rendering stocks/show.html.erb within layouts/application
  Rendered stocks/show.html.erb within layouts/application (0.3ms)
Completed 200 OK in 23ms (Views: 21.8ms | ActiveRecord: 0.0ms)


Started GET "/img/books.jpeg" for ::1 at 2019-04-15 14:31:48 +1000
  
ActionController::RoutingError (No route matches [GET] "/img/books.jpeg"):
  
actionpack (5.2.3) lib/action_dispatch/middleware/debug_exceptions.rb:65:in `call'
web-console (3.7.0) lib/web_console/middleware.rb:135:in `call_app'
web-console (3.7.0) lib/web_console/middleware.rb:30:in `block in call'
web-console (3.7.0) lib/web_console/middleware.rb:20:in `catch'
web-console (3.7.0) lib/web_console/middleware.rb:20:in `call'
actionpack (5.2.3) lib/action_dispatch/middleware/show_exceptions.rb:33:in `call'
railties (5.2.3) lib/rails/rack/logger.rb:38:in `call_app'
railties (5.2.3) lib/rails/rack/logger.rb:26:in `block in call'
activesupport (5.2.3) lib/active_support/tagged_logging.rb:71:in `block in tagged'
activesupport (5.2.3) lib/active_support/tagged_logging.rb:28:in `tagged'
activesupport (5.2.3) lib/active_support/tagged_logging.rb:71:in `tagged'
railties (5.2.3) lib/rails/rack/logger.rb:26:in `call'
sprockets-rails (3.2.1) lib/sprockets/rails/quiet_assets.rb:13:in `call'
actionpack (5.2.3) lib/action_dispatch/middleware/remote_ip.rb:81:in `call'
actionpack (5.2.3) lib/action_dispatch/middleware/request_id.rb:27:in `call'
rack (2.0.7) lib/rack/method_override.rb:22:in `call'
rack (2.0.7) lib/rack/runtime.rb:22:in `call'
activesupport (5.2.3) lib/active_support/cache/strategy/local_cache_middleware.rb:29:in `call'
actionpack (5.2.3) lib/action_dispatch/middleware/executor.rb:14:in `call'
actionpack (5.2.3) lib/action_dispatch/middleware/static.rb:127:in `call'
rack (2.0.7) lib/rack/sendfile.rb:111:in `call'
railties (5.2.3) lib/rails/engine.rb:524:in `call'
puma (3.12.1) lib/puma/configuration.rb:227:in `call'
puma (3.12.1) lib/puma/server.rb:660:in `handle_request'
puma (3.12.1) lib/puma/server.rb:474:in `process_client'
puma (3.12.1) lib/puma/server.rb:334:in `block in run'
puma (3.12.1) lib/puma/thread_pool.rb:135:in `block in spawn_thread'
Started GET "/" for ::1 at 2019-04-15 14:31:54 +1000
Processing by PagesController#hello as HTML
  Rendering pages/hello.html.erb within layouts/application
  Rendered pages/hello.html.erb within layouts/application (0.3ms)
Completed 200 OK in 22ms (Views: 21.4ms | ActiveRecord: 0.0ms)


Started GET "/img/books.jpeg" for ::1 at 2019-04-15 14:31:56 +1000
  
ActionController::RoutingError (No route matches [GET] "/img/books.jpeg"):
  
actionpack (5.2.3) lib/action_dispatch/middleware/debug_exceptions.rb:65:in `call'
web-console (3.7.0) lib/web_console/middleware.rb:135:in `call_app'
web-console (3.7.0) lib/web_console/middleware.rb:30:in `block in call'
web-console (3.7.0) lib/web_console/middleware.rb:20:in `catch'
web-console (3.7.0) lib/web_console/middleware.rb:20:in `call'
actionpack (5.2.3) lib/action_dispatch/middleware/show_exceptions.rb:33:in `call'
railties (5.2.3) lib/rails/rack/logger.rb:38:in `call_app'
railties (5.2.3) lib/rails/rack/logger.rb:26:in `block in call'
activesupport (5.2.3) lib/active_support/tagged_logging.rb:71:in `block in tagged'
activesupport (5.2.3) lib/active_support/tagged_logging.rb:28:in `tagged'
activesupport (5.2.3) lib/active_support/tagged_logging.rb:71:in `tagged'
railties (5.2.3) lib/rails/rack/logger.rb:26:in `call'
sprockets-rails (3.2.1) lib/sprockets/rails/quiet_assets.rb:13:in `call'
actionpack (5.2.3) lib/action_dispatch/middleware/remote_ip.rb:81:in `call'
actionpack (5.2.3) lib/action_dispatch/middleware/request_id.rb:27:in `call'
rack (2.0.7) lib/rack/method_override.rb:22:in `call'
rack (2.0.7) lib/rack/runtime.rb:22:in `call'
activesupport (5.2.3) lib/active_support/cache/strategy/local_cache_middleware.rb:29:in `call'
actionpack (5.2.3) lib/action_dispatch/middleware/executor.rb:14:in `call'
actionpack (5.2.3) lib/action_dispatch/middleware/static.rb:127:in `call'
rack (2.0.7) lib/rack/sendfile.rb:111:in `call'
railties (5.2.3) lib/rails/engine.rb:524:in `call'
puma (3.12.1) lib/puma/configuration.rb:227:in `call'
puma (3.12.1) lib/puma/server.rb:660:in `handle_request'
puma (3.12.1) lib/puma/server.rb:474:in `process_client'
puma (3.12.1) lib/puma/server.rb:334:in `block in run'
puma (3.12.1) lib/puma/thread_pool.rb:135:in `block in spawn_thread'
Started GET "/" for ::1 at 2019-04-15 14:31:57 +1000
Processing by PagesController#hello as HTML
  Rendering pages/hello.html.erb within layouts/application
  Rendered pages/hello.html.erb within layouts/application (0.2ms)
Completed 200 OK in 11ms (Views: 10.9ms | ActiveRecord: 0.0ms)


Started GET "/img/books.jpeg" for ::1 at 2019-04-15 14:31:57 +1000
  
ActionController::RoutingError (No route matches [GET] "/img/books.jpeg"):
  
actionpack (5.2.3) lib/action_dispatch/middleware/debug_exceptions.rb:65:in `call'
web-console (3.7.0) lib/web_console/middleware.rb:135:in `call_app'
web-console (3.7.0) lib/web_console/middleware.rb:30:in `block in call'
web-console (3.7.0) lib/web_console/middleware.rb:20:in `catch'
web-console (3.7.0) lib/web_console/middleware.rb:20:in `call'
actionpack (5.2.3) lib/action_dispatch/middleware/show_exceptions.rb:33:in `call'
railties (5.2.3) lib/rails/rack/logger.rb:38:in `call_app'
railties (5.2.3) lib/rails/rack/logger.rb:26:in `block in call'
activesupport (5.2.3) lib/active_support/tagged_logging.rb:71:in `block in tagged'
activesupport (5.2.3) lib/active_support/tagged_logging.rb:28:in `tagged'
activesupport (5.2.3) lib/active_support/tagged_logging.rb:71:in `tagged'
railties (5.2.3) lib/rails/rack/logger.rb:26:in `call'
sprockets-rails (3.2.1) lib/sprockets/rails/quiet_assets.rb:13:in `call'
actionpack (5.2.3) lib/action_dispatch/middleware/remote_ip.rb:81:in `call'
actionpack (5.2.3) lib/action_dispatch/middleware/request_id.rb:27:in `call'
rack (2.0.7) lib/rack/method_override.rb:22:in `call'
rack (2.0.7) lib/rack/runtime.rb:22:in `call'
activesupport (5.2.3) lib/active_support/cache/strategy/local_cache_middleware.rb:29:in `call'
actionpack (5.2.3) lib/action_dispatch/middleware/executor.rb:14:in `call'
actionpack (5.2.3) lib/action_dispatch/middleware/static.rb:127:in `call'
rack (2.0.7) lib/rack/sendfile.rb:111:in `call'
railties (5.2.3) lib/rails/engine.rb:524:in `call'
puma (3.12.1) lib/puma/configuration.rb:227:in `call'
puma (3.12.1) lib/puma/server.rb:660:in `handle_request'
puma (3.12.1) lib/puma/server.rb:474:in `process_client'
puma (3.12.1) lib/puma/server.rb:334:in `block in run'
puma (3.12.1) lib/puma/thread_pool.rb:135:in `block in spawn_thread'
Started GET "/img/books.jpeg" for ::1 at 2019-04-15 14:31:58 +1000
  
ActionController::RoutingError (No route matches [GET] "/img/books.jpeg"):
  
actionpack (5.2.3) lib/action_dispatch/middleware/debug_exceptions.rb:65:in `call'
web-console (3.7.0) lib/web_console/middleware.rb:135:in `call_app'
web-console (3.7.0) lib/web_console/middleware.rb:30:in `block in call'
web-console (3.7.0) lib/web_console/middleware.rb:20:in `catch'
web-console (3.7.0) lib/web_console/middleware.rb:20:in `call'
actionpack (5.2.3) lib/action_dispatch/middleware/show_exceptions.rb:33:in `call'
railties (5.2.3) lib/rails/rack/logger.rb:38:in `call_app'
railties (5.2.3) lib/rails/rack/logger.rb:26:in `block in call'
activesupport (5.2.3) lib/active_support/tagged_logging.rb:71:in `block in tagged'
activesupport (5.2.3) lib/active_support/tagged_logging.rb:28:in `tagged'
activesupport (5.2.3) lib/active_support/tagged_logging.rb:71:in `tagged'
railties (5.2.3) lib/rails/rack/logger.rb:26:in `call'
sprockets-rails (3.2.1) lib/sprockets/rails/quiet_assets.rb:13:in `call'
actionpack (5.2.3) lib/action_dispatch/middleware/remote_ip.rb:81:in `call'
actionpack (5.2.3) lib/action_dispatch/middleware/request_id.rb:27:in `call'
rack (2.0.7) lib/rack/method_override.rb:22:in `call'
rack (2.0.7) lib/rack/runtime.rb:22:in `call'
activesupport (5.2.3) lib/active_support/cache/strategy/local_cache_middleware.rb:29:in `call'
actionpack (5.2.3) lib/action_dispatch/middleware/executor.rb:14:in `call'
actionpack (5.2.3) lib/action_dispatch/middleware/static.rb:127:in `call'
rack (2.0.7) lib/rack/sendfile.rb:111:in `call'
railties (5.2.3) lib/rails/engine.rb:524:in `call'
puma (3.12.1) lib/puma/configuration.rb:227:in `call'
puma (3.12.1) lib/puma/server.rb:660:in `handle_request'
puma (3.12.1) lib/puma/server.rb:474:in `process_client'
puma (3.12.1) lib/puma/server.rb:334:in `block in run'
puma (3.12.1) lib/puma/thread_pool.rb:135:in `block in spawn_thread'
Started GET "/hello" for ::1 at 2019-04-15 14:31:59 +1000
Processing by PagesController#hello as HTML
  Rendering pages/hello.html.erb within layouts/application
  Rendered pages/hello.html.erb within layouts/application (0.3ms)
Completed 200 OK in 12ms (Views: 11.5ms | ActiveRecord: 0.0ms)


Started GET "/" for ::1 at 2019-04-15 14:32:02 +1000
Processing by PagesController#hello as HTML
  Rendering pages/hello.html.erb within layouts/application
  Rendered pages/hello.html.erb within layouts/application (0.3ms)
Completed 200 OK in 13ms (Views: 12.2ms | ActiveRecord: 0.0ms)


Started GET "/img/books.jpeg" for ::1 at 2019-04-15 14:32:02 +1000
  
ActionController::RoutingError (No route matches [GET] "/img/books.jpeg"):
  
actionpack (5.2.3) lib/action_dispatch/middleware/debug_exceptions.rb:65:in `call'
web-console (3.7.0) lib/web_console/middleware.rb:135:in `call_app'
web-console (3.7.0) lib/web_console/middleware.rb:30:in `block in call'
web-console (3.7.0) lib/web_console/middleware.rb:20:in `catch'
web-console (3.7.0) lib/web_console/middleware.rb:20:in `call'
actionpack (5.2.3) lib/action_dispatch/middleware/show_exceptions.rb:33:in `call'
railties (5.2.3) lib/rails/rack/logger.rb:38:in `call_app'
railties (5.2.3) lib/rails/rack/logger.rb:26:in `block in call'
activesupport (5.2.3) lib/active_support/tagged_logging.rb:71:in `block in tagged'
activesupport (5.2.3) lib/active_support/tagged_logging.rb:28:in `tagged'
activesupport (5.2.3) lib/active_support/tagged_logging.rb:71:in `tagged'
railties (5.2.3) lib/rails/rack/logger.rb:26:in `call'
sprockets-rails (3.2.1) lib/sprockets/rails/quiet_assets.rb:13:in `call'
actionpack (5.2.3) lib/action_dispatch/middleware/remote_ip.rb:81:in `call'
actionpack (5.2.3) lib/action_dispatch/middleware/request_id.rb:27:in `call'
rack (2.0.7) lib/rack/method_override.rb:22:in `call'
rack (2.0.7) lib/rack/runtime.rb:22:in `call'
activesupport (5.2.3) lib/active_support/cache/strategy/local_cache_middleware.rb:29:in `call'
actionpack (5.2.3) lib/action_dispatch/middleware/executor.rb:14:in `call'
actionpack (5.2.3) lib/action_dispatch/middleware/static.rb:127:in `call'
rack (2.0.7) lib/rack/sendfile.rb:111:in `call'
railties (5.2.3) lib/rails/engine.rb:524:in `call'
puma (3.12.1) lib/puma/configuration.rb:227:in `call'
puma (3.12.1) lib/puma/server.rb:660:in `handle_request'
puma (3.12.1) lib/puma/server.rb:474:in `process_client'
puma (3.12.1) lib/puma/server.rb:334:in `block in run'
puma (3.12.1) lib/puma/thread_pool.rb:135:in `block in spawn_thread'
Started GET "/books" for ::1 at 2019-04-15 14:32:25 +1000
Processing by BooksController#show as HTML
  Rendering books/show.html.erb within layouts/application
  Rendered books/show.html.erb within layouts/application (0.5ms)
Completed 200 OK in 13ms (Views: 12.9ms | ActiveRecord: 0.0ms)


Started GET "/stocks" for ::1 at 2019-04-15 14:32:29 +1000
Processing by StocksController#show as HTML
  Rendering stocks/show.html.erb within layouts/application
  Rendered stocks/show.html.erb within layouts/application (0.4ms)
Completed 200 OK in 14ms (Views: 13.6ms | ActiveRecord: 0.0ms)


Started GET "/books" for ::1 at 2019-04-15 14:32:35 +1000
Processing by BooksController#show as HTML
  Rendering books/show.html.erb within layouts/application
  Rendered books/show.html.erb within layouts/application (0.6ms)
Completed 200 OK in 15ms (Views: 14.0ms | ActiveRecord: 0.0ms)


Started GET "/result?booktitle=Jaws" for ::1 at 2019-04-15 14:32:39 +1000
Processing by BooksController#result as HTML
  Parameters: {"booktitle"=>"Jaws"}
  Rendering books/result.html.erb within layouts/application
  Rendered books/result.html.erb within layouts/application (0.4ms)
Completed 200 OK in 725ms (Views: 8.8ms | ActiveRecord: 0.0ms)


Started GET "/img/books.jpeg" for ::1 at 2019-04-15 14:32:40 +1000
  
ActionController::RoutingError (No route matches [GET] "/img/books.jpeg"):
  
actionpack (5.2.3) lib/action_dispatch/middleware/debug_exceptions.rb:65:in `call'
web-console (3.7.0) lib/web_console/middleware.rb:135:in `call_app'
web-console (3.7.0) lib/web_console/middleware.rb:30:in `block in call'
web-console (3.7.0) lib/web_console/middleware.rb:20:in `catch'
web-console (3.7.0) lib/web_console/middleware.rb:20:in `call'
actionpack (5.2.3) lib/action_dispatch/middleware/show_exceptions.rb:33:in `call'
railties (5.2.3) lib/rails/rack/logger.rb:38:in `call_app'
railties (5.2.3) lib/rails/rack/logger.rb:26:in `block in call'
activesupport (5.2.3) lib/active_support/tagged_logging.rb:71:in `block in tagged'
activesupport (5.2.3) lib/active_support/tagged_logging.rb:28:in `tagged'
activesupport (5.2.3) lib/active_support/tagged_logging.rb:71:in `tagged'
railties (5.2.3) lib/rails/rack/logger.rb:26:in `call'
sprockets-rails (3.2.1) lib/sprockets/rails/quiet_assets.rb:13:in `call'
actionpack (5.2.3) lib/action_dispatch/middleware/remote_ip.rb:81:in `call'
actionpack (5.2.3) lib/action_dispatch/middleware/request_id.rb:27:in `call'
rack (2.0.7) lib/rack/method_override.rb:22:in `call'
rack (2.0.7) lib/rack/runtime.rb:22:in `call'
activesupport (5.2.3) lib/active_support/cache/strategy/local_cache_middleware.rb:29:in `call'
actionpack (5.2.3) lib/action_dispatch/middleware/executor.rb:14:in `call'
actionpack (5.2.3) lib/action_dispatch/middleware/static.rb:127:in `call'
rack (2.0.7) lib/rack/sendfile.rb:111:in `call'
railties (5.2.3) lib/rails/engine.rb:524:in `call'
puma (3.12.1) lib/puma/configuration.rb:227:in `call'
puma (3.12.1) lib/puma/server.rb:660:in `handle_request'
puma (3.12.1) lib/puma/server.rb:474:in `process_client'
puma (3.12.1) lib/puma/server.rb:334:in `block in run'
puma (3.12.1) lib/puma/thread_pool.rb:135:in `block in spawn_thread'
Started GET "/img/books.jpeg" for ::1 at 2019-04-15 14:32:45 +1000
  
ActionController::RoutingError (No route matches [GET] "/img/books.jpeg"):
  
actionpack (5.2.3) lib/action_dispatch/middleware/debug_exceptions.rb:65:in `call'
web-console (3.7.0) lib/web_console/middleware.rb:135:in `call_app'
web-console (3.7.0) lib/web_console/middleware.rb:30:in `block in call'
web-console (3.7.0) lib/web_console/middleware.rb:20:in `catch'
web-console (3.7.0) lib/web_console/middleware.rb:20:in `call'
actionpack (5.2.3) lib/action_dispatch/middleware/show_exceptions.rb:33:in `call'
railties (5.2.3) lib/rails/rack/logger.rb:38:in `call_app'
railties (5.2.3) lib/rails/rack/logger.rb:26:in `block in call'
activesupport (5.2.3) lib/active_support/tagged_logging.rb:71:in `block in tagged'
activesupport (5.2.3) lib/active_support/tagged_logging.rb:28:in `tagged'
activesupport (5.2.3) lib/active_support/tagged_logging.rb:71:in `tagged'
railties (5.2.3) lib/rails/rack/logger.rb:26:in `call'
sprockets-rails (3.2.1) lib/sprockets/rails/quiet_assets.rb:13:in `call'
actionpack (5.2.3) lib/action_dispatch/middleware/remote_ip.rb:81:in `call'
actionpack (5.2.3) lib/action_dispatch/middleware/request_id.rb:27:in `call'
rack (2.0.7) lib/rack/method_override.rb:22:in `call'
rack (2.0.7) lib/rack/runtime.rb:22:in `call'
activesupport (5.2.3) lib/active_support/cache/strategy/local_cache_middleware.rb:29:in `call'
actionpack (5.2.3) lib/action_dispatch/middleware/executor.rb:14:in `call'
actionpack (5.2.3) lib/action_dispatch/middleware/static.rb:127:in `call'
rack (2.0.7) lib/rack/sendfile.rb:111:in `call'
railties (5.2.3) lib/rails/engine.rb:524:in `call'
puma (3.12.1) lib/puma/configuration.rb:227:in `call'
puma (3.12.1) lib/puma/server.rb:660:in `handle_request'
puma (3.12.1) lib/puma/server.rb:474:in `process_client'
puma (3.12.1) lib/puma/server.rb:334:in `block in run'
puma (3.12.1) lib/puma/thread_pool.rb:135:in `block in spawn_thread'
Started GET "/" for ::1 at 2019-04-15 14:32:47 +1000
Processing by PagesController#hello as HTML
  Rendering pages/hello.html.erb within layouts/application
  Rendered pages/hello.html.erb within layouts/application (0.4ms)
Completed 200 OK in 14ms (Views: 13.1ms | ActiveRecord: 0.0ms)


Started GET "/books" for ::1 at 2019-04-15 14:32:49 +1000
Processing by BooksController#show as HTML
  Rendering books/show.html.erb within layouts/application
  Rendered books/show.html.erb within layouts/application (0.4ms)
Completed 200 OK in 15ms (Views: 14.2ms | ActiveRecord: 0.0ms)


Started GET "/" for ::1 at 2019-04-15 14:33:02 +1000
Processing by PagesController#hello as HTML
  Rendering pages/hello.html.erb within layouts/application
  Rendered pages/hello.html.erb within layouts/application (0.3ms)
Completed 200 OK in 16ms (Views: 15.4ms | ActiveRecord: 0.0ms)


Started GET "/img/books.jpeg" for ::1 at 2019-04-15 14:33:02 +1000
  
ActionController::RoutingError (No route matches [GET] "/img/books.jpeg"):
  
actionpack (5.2.3) lib/action_dispatch/middleware/debug_exceptions.rb:65:in `call'
web-console (3.7.0) lib/web_console/middleware.rb:135:in `call_app'
web-console (3.7.0) lib/web_console/middleware.rb:30:in `block in call'
web-console (3.7.0) lib/web_console/middleware.rb:20:in `catch'
web-console (3.7.0) lib/web_console/middleware.rb:20:in `call'
actionpack (5.2.3) lib/action_dispatch/middleware/show_exceptions.rb:33:in `call'
railties (5.2.3) lib/rails/rack/logger.rb:38:in `call_app'
railties (5.2.3) lib/rails/rack/logger.rb:26:in `block in call'
activesupport (5.2.3) lib/active_support/tagged_logging.rb:71:in `block in tagged'
activesupport (5.2.3) lib/active_support/tagged_logging.rb:28:in `tagged'
activesupport (5.2.3) lib/active_support/tagged_logging.rb:71:in `tagged'
railties (5.2.3) lib/rails/rack/logger.rb:26:in `call'
sprockets-rails (3.2.1) lib/sprockets/rails/quiet_assets.rb:13:in `call'
actionpack (5.2.3) lib/action_dispatch/middleware/remote_ip.rb:81:in `call'
actionpack (5.2.3) lib/action_dispatch/middleware/request_id.rb:27:in `call'
rack (2.0.7) lib/rack/method_override.rb:22:in `call'
rack (2.0.7) lib/rack/runtime.rb:22:in `call'
activesupport (5.2.3) lib/active_support/cache/strategy/local_cache_middleware.rb:29:in `call'
actionpack (5.2.3) lib/action_dispatch/middleware/executor.rb:14:in `call'
actionpack (5.2.3) lib/action_dispatch/middleware/static.rb:127:in `call'
rack (2.0.7) lib/rack/sendfile.rb:111:in `call'
railties (5.2.3) lib/rails/engine.rb:524:in `call'
puma (3.12.1) lib/puma/configuration.rb:227:in `call'
puma (3.12.1) lib/puma/server.rb:660:in `handle_request'
puma (3.12.1) lib/puma/server.rb:474:in `process_client'
puma (3.12.1) lib/puma/server.rb:334:in `block in run'
puma (3.12.1) lib/puma/thread_pool.rb:135:in `block in spawn_thread'
Started GET "/stocks" for ::1 at 2019-04-15 14:33:05 +1000
Processing by StocksController#show as HTML
  Rendering stocks/show.html.erb within layouts/application
  Rendered stocks/show.html.erb within layouts/application (0.3ms)
Completed 200 OK in 12ms (Views: 11.6ms | ActiveRecord: 0.0ms)


Started GET "/stocksresults?companyname=BRK.A+" for ::1 at 2019-04-15 14:33:08 +1000
Processing by StocksController#result as HTML
  Parameters: {"companyname"=>"BRK.A "}
  Rendering stocks/result.html.erb within layouts/application
  Rendered stocks/result.html.erb within layouts/application (0.4ms)
Completed 200 OK in 769ms (Views: 9.8ms | ActiveRecord: 0.0ms)


Started GET "/img/books.jpeg" for ::1 at 2019-04-15 14:33:09 +1000
  
ActionController::RoutingError (No route matches [GET] "/img/books.jpeg"):
  
actionpack (5.2.3) lib/action_dispatch/middleware/debug_exceptions.rb:65:in `call'
web-console (3.7.0) lib/web_console/middleware.rb:135:in `call_app'
web-console (3.7.0) lib/web_console/middleware.rb:30:in `block in call'
web-console (3.7.0) lib/web_console/middleware.rb:20:in `catch'
web-console (3.7.0) lib/web_console/middleware.rb:20:in `call'
actionpack (5.2.3) lib/action_dispatch/middleware/show_exceptions.rb:33:in `call'
railties (5.2.3) lib/rails/rack/logger.rb:38:in `call_app'
railties (5.2.3) lib/rails/rack/logger.rb:26:in `block in call'
activesupport (5.2.3) lib/active_support/tagged_logging.rb:71:in `block in tagged'
activesupport (5.2.3) lib/active_support/tagged_logging.rb:28:in `tagged'
activesupport (5.2.3) lib/active_support/tagged_logging.rb:71:in `tagged'
railties (5.2.3) lib/rails/rack/logger.rb:26:in `call'
sprockets-rails (3.2.1) lib/sprockets/rails/quiet_assets.rb:13:in `call'
actionpack (5.2.3) lib/action_dispatch/middleware/remote_ip.rb:81:in `call'
actionpack (5.2.3) lib/action_dispatch/middleware/request_id.rb:27:in `call'
rack (2.0.7) lib/rack/method_override.rb:22:in `call'
rack (2.0.7) lib/rack/runtime.rb:22:in `call'
activesupport (5.2.3) lib/active_support/cache/strategy/local_cache_middleware.rb:29:in `call'
actionpack (5.2.3) lib/action_dispatch/middleware/executor.rb:14:in `call'
actionpack (5.2.3) lib/action_dispatch/middleware/static.rb:127:in `call'
rack (2.0.7) lib/rack/sendfile.rb:111:in `call'
railties (5.2.3) lib/rails/engine.rb:524:in `call'
puma (3.12.1) lib/puma/configuration.rb:227:in `call'
puma (3.12.1) lib/puma/server.rb:660:in `handle_request'
puma (3.12.1) lib/puma/server.rb:474:in `process_client'
puma (3.12.1) lib/puma/server.rb:334:in `block in run'
puma (3.12.1) lib/puma/thread_pool.rb:135:in `block in spawn_thread'
Started GET "/img/books.jpeg" for ::1 at 2019-04-15 14:33:12 +1000
  
ActionController::RoutingError (No route matches [GET] "/img/books.jpeg"):
  
actionpack (5.2.3) lib/action_dispatch/middleware/debug_exceptions.rb:65:in `call'
web-console (3.7.0) lib/web_console/middleware.rb:135:in `call_app'
web-console (3.7.0) lib/web_console/middleware.rb:30:in `block in call'
web-console (3.7.0) lib/web_console/middleware.rb:20:in `catch'
web-console (3.7.0) lib/web_console/middleware.rb:20:in `call'
actionpack (5.2.3) lib/action_dispatch/middleware/show_exceptions.rb:33:in `call'
railties (5.2.3) lib/rails/rack/logger.rb:38:in `call_app'
railties (5.2.3) lib/rails/rack/logger.rb:26:in `block in call'
activesupport (5.2.3) lib/active_support/tagged_logging.rb:71:in `block in tagged'
activesupport (5.2.3) lib/active_support/tagged_logging.rb:28:in `tagged'
activesupport (5.2.3) lib/active_support/tagged_logging.rb:71:in `tagged'
railties (5.2.3) lib/rails/rack/logger.rb:26:in `call'
sprockets-rails (3.2.1) lib/sprockets/rails/quiet_assets.rb:13:in `call'
actionpack (5.2.3) lib/action_dispatch/middleware/remote_ip.rb:81:in `call'
actionpack (5.2.3) lib/action_dispatch/middleware/request_id.rb:27:in `call'
rack (2.0.7) lib/rack/method_override.rb:22:in `call'
rack (2.0.7) lib/rack/runtime.rb:22:in `call'
activesupport (5.2.3) lib/active_support/cache/strategy/local_cache_middleware.rb:29:in `call'
actionpack (5.2.3) lib/action_dispatch/middleware/executor.rb:14:in `call'
actionpack (5.2.3) lib/action_dispatch/middleware/static.rb:127:in `call'
rack (2.0.7) lib/rack/sendfile.rb:111:in `call'
railties (5.2.3) lib/rails/engine.rb:524:in `call'
puma (3.12.1) lib/puma/configuration.rb:227:in `call'
puma (3.12.1) lib/puma/server.rb:660:in `handle_request'
puma (3.12.1) lib/puma/server.rb:474:in `process_client'
puma (3.12.1) lib/puma/server.rb:334:in `block in run'
puma (3.12.1) lib/puma/thread_pool.rb:135:in `block in spawn_thread'
Started GET "/" for ::1 at 2019-04-15 14:33:13 +1000
Processing by PagesController#hello as HTML
  Rendering pages/hello.html.erb within layouts/application
  Rendered pages/hello.html.erb within layouts/application (0.3ms)
Completed 200 OK in 12ms (Views: 11.2ms | ActiveRecord: 0.0ms)


Started GET "/books" for ::1 at 2019-04-15 14:33:15 +1000
Processing by BooksController#show as HTML
  Rendering books/show.html.erb within layouts/application
  Rendered books/show.html.erb within layouts/application (0.3ms)
Completed 200 OK in 15ms (Views: 13.8ms | ActiveRecord: 0.0ms)


Started GET "/stocks" for ::1 at 2019-04-15 14:33:18 +1000
Processing by StocksController#show as HTML
  Rendering stocks/show.html.erb within layouts/application
  Rendered stocks/show.html.erb within layouts/application (0.5ms)
Completed 200 OK in 16ms (Views: 15.0ms | ActiveRecord: 0.0ms)


Started GET "/stocksresults?companyname=GOOG" for ::1 at 2019-04-15 14:33:22 +1000
Processing by StocksController#result as HTML
  Parameters: {"companyname"=>"GOOG"}
  Rendering stocks/result.html.erb within layouts/application
  Rendered stocks/result.html.erb within layouts/application (0.4ms)
Completed 200 OK in 772ms (Views: 9.8ms | ActiveRecord: 0.0ms)


Started GET "/img/books.jpeg" for ::1 at 2019-04-15 14:33:23 +1000
  
ActionController::RoutingError (No route matches [GET] "/img/books.jpeg"):
  
actionpack (5.2.3) lib/action_dispatch/middleware/debug_exceptions.rb:65:in `call'
web-console (3.7.0) lib/web_console/middleware.rb:135:in `call_app'
web-console (3.7.0) lib/web_console/middleware.rb:30:in `block in call'
web-console (3.7.0) lib/web_console/middleware.rb:20:in `catch'
web-console (3.7.0) lib/web_console/middleware.rb:20:in `call'
actionpack (5.2.3) lib/action_dispatch/middleware/show_exceptions.rb:33:in `call'
railties (5.2.3) lib/rails/rack/logger.rb:38:in `call_app'
railties (5.2.3) lib/rails/rack/logger.rb:26:in `block in call'
activesupport (5.2.3) lib/active_support/tagged_logging.rb:71:in `block in tagged'
activesupport (5.2.3) lib/active_support/tagged_logging.rb:28:in `tagged'
activesupport (5.2.3) lib/active_support/tagged_logging.rb:71:in `tagged'
railties (5.2.3) lib/rails/rack/logger.rb:26:in `call'
sprockets-rails (3.2.1) lib/sprockets/rails/quiet_assets.rb:13:in `call'
actionpack (5.2.3) lib/action_dispatch/middleware/remote_ip.rb:81:in `call'
actionpack (5.2.3) lib/action_dispatch/middleware/request_id.rb:27:in `call'
rack (2.0.7) lib/rack/method_override.rb:22:in `call'
rack (2.0.7) lib/rack/runtime.rb:22:in `call'
activesupport (5.2.3) lib/active_support/cache/strategy/local_cache_middleware.rb:29:in `call'
actionpack (5.2.3) lib/action_dispatch/middleware/executor.rb:14:in `call'
actionpack (5.2.3) lib/action_dispatch/middleware/static.rb:127:in `call'
rack (2.0.7) lib/rack/sendfile.rb:111:in `call'
railties (5.2.3) lib/rails/engine.rb:524:in `call'
puma (3.12.1) lib/puma/configuration.rb:227:in `call'
puma (3.12.1) lib/puma/server.rb:660:in `handle_request'
puma (3.12.1) lib/puma/server.rb:474:in `process_client'
puma (3.12.1) lib/puma/server.rb:334:in `block in run'
puma (3.12.1) lib/puma/thread_pool.rb:135:in `block in spawn_thread'
Started GET "/img/books.jpeg" for ::1 at 2019-04-15 14:33:26 +1000
  
ActionController::RoutingError (No route matches [GET] "/img/books.jpeg"):
  
actionpack (5.2.3) lib/action_dispatch/middleware/debug_exceptions.rb:65:in `call'
web-console (3.7.0) lib/web_console/middleware.rb:135:in `call_app'
web-console (3.7.0) lib/web_console/middleware.rb:30:in `block in call'
web-console (3.7.0) lib/web_console/middleware.rb:20:in `catch'
web-console (3.7.0) lib/web_console/middleware.rb:20:in `call'
actionpack (5.2.3) lib/action_dispatch/middleware/show_exceptions.rb:33:in `call'
railties (5.2.3) lib/rails/rack/logger.rb:38:in `call_app'
railties (5.2.3) lib/rails/rack/logger.rb:26:in `block in call'
activesupport (5.2.3) lib/active_support/tagged_logging.rb:71:in `block in tagged'
activesupport (5.2.3) lib/active_support/tagged_logging.rb:28:in `tagged'
activesupport (5.2.3) lib/active_support/tagged_logging.rb:71:in `tagged'
railties (5.2.3) lib/rails/rack/logger.rb:26:in `call'
sprockets-rails (3.2.1) lib/sprockets/rails/quiet_assets.rb:13:in `call'
actionpack (5.2.3) lib/action_dispatch/middleware/remote_ip.rb:81:in `call'
actionpack (5.2.3) lib/action_dispatch/middleware/request_id.rb:27:in `call'
rack (2.0.7) lib/rack/method_override.rb:22:in `call'
rack (2.0.7) lib/rack/runtime.rb:22:in `call'
activesupport (5.2.3) lib/active_support/cache/strategy/local_cache_middleware.rb:29:in `call'
actionpack (5.2.3) lib/action_dispatch/middleware/executor.rb:14:in `call'
actionpack (5.2.3) lib/action_dispatch/middleware/static.rb:127:in `call'
rack (2.0.7) lib/rack/sendfile.rb:111:in `call'
railties (5.2.3) lib/rails/engine.rb:524:in `call'
puma (3.12.1) lib/puma/configuration.rb:227:in `call'
puma (3.12.1) lib/puma/server.rb:660:in `handle_request'
puma (3.12.1) lib/puma/server.rb:474:in `process_client'
puma (3.12.1) lib/puma/server.rb:334:in `block in run'
puma (3.12.1) lib/puma/thread_pool.rb:135:in `block in spawn_thread'
Started GET "/" for ::1 at 2019-04-15 14:33:27 +1000
Processing by PagesController#hello as HTML
  Rendering pages/hello.html.erb within layouts/application
  Rendered pages/hello.html.erb within layouts/application (0.3ms)
Completed 200 OK in 12ms (Views: 11.9ms | ActiveRecord: 0.0ms)


Started GET "/books" for ::1 at 2019-04-15 14:33:30 +1000
Processing by BooksController#show as HTML
  Rendering books/show.html.erb within layouts/application
  Rendered books/show.html.erb within layouts/application (0.3ms)
Completed 200 OK in 15ms (Views: 14.2ms | ActiveRecord: 0.0ms)


Started GET "/result?booktitle=gremlin" for ::1 at 2019-04-15 14:33:35 +1000
Processing by BooksController#result as HTML
  Parameters: {"booktitle"=>"gremlin"}
  Rendering books/result.html.erb within layouts/application
  Rendered books/result.html.erb within layouts/application (0.4ms)
Completed 200 OK in 731ms (Views: 8.9ms | ActiveRecord: 0.0ms)


Started GET "/img/books.jpeg" for ::1 at 2019-04-15 14:33:36 +1000
  
ActionController::RoutingError (No route matches [GET] "/img/books.jpeg"):
  
actionpack (5.2.3) lib/action_dispatch/middleware/debug_exceptions.rb:65:in `call'
web-console (3.7.0) lib/web_console/middleware.rb:135:in `call_app'
web-console (3.7.0) lib/web_console/middleware.rb:30:in `block in call'
web-console (3.7.0) lib/web_console/middleware.rb:20:in `catch'
web-console (3.7.0) lib/web_console/middleware.rb:20:in `call'
actionpack (5.2.3) lib/action_dispatch/middleware/show_exceptions.rb:33:in `call'
railties (5.2.3) lib/rails/rack/logger.rb:38:in `call_app'
railties (5.2.3) lib/rails/rack/logger.rb:26:in `block in call'
activesupport (5.2.3) lib/active_support/tagged_logging.rb:71:in `block in tagged'
activesupport (5.2.3) lib/active_support/tagged_logging.rb:28:in `tagged'
activesupport (5.2.3) lib/active_support/tagged_logging.rb:71:in `tagged'
railties (5.2.3) lib/rails/rack/logger.rb:26:in `call'
sprockets-rails (3.2.1) lib/sprockets/rails/quiet_assets.rb:13:in `call'
actionpack (5.2.3) lib/action_dispatch/middleware/remote_ip.rb:81:in `call'
actionpack (5.2.3) lib/action_dispatch/middleware/request_id.rb:27:in `call'
rack (2.0.7) lib/rack/method_override.rb:22:in `call'
rack (2.0.7) lib/rack/runtime.rb:22:in `call'
activesupport (5.2.3) lib/active_support/cache/strategy/local_cache_middleware.rb:29:in `call'
actionpack (5.2.3) lib/action_dispatch/middleware/executor.rb:14:in `call'
actionpack (5.2.3) lib/action_dispatch/middleware/static.rb:127:in `call'
rack (2.0.7) lib/rack/sendfile.rb:111:in `call'
railties (5.2.3) lib/rails/engine.rb:524:in `call'
puma (3.12.1) lib/puma/configuration.rb:227:in `call'
puma (3.12.1) lib/puma/server.rb:660:in `handle_request'
puma (3.12.1) lib/puma/server.rb:474:in `process_client'
puma (3.12.1) lib/puma/server.rb:334:in `block in run'
puma (3.12.1) lib/puma/thread_pool.rb:135:in `block in spawn_thread'
Started GET "/img/books.jpeg" for ::1 at 2019-04-15 14:33:47 +1000
  
ActionController::RoutingError (No route matches [GET] "/img/books.jpeg"):
  
actionpack (5.2.3) lib/action_dispatch/middleware/debug_exceptions.rb:65:in `call'
web-console (3.7.0) lib/web_console/middleware.rb:135:in `call_app'
web-console (3.7.0) lib/web_console/middleware.rb:30:in `block in call'
web-console (3.7.0) lib/web_console/middleware.rb:20:in `catch'
web-console (3.7.0) lib/web_console/middleware.rb:20:in `call'
actionpack (5.2.3) lib/action_dispatch/middleware/show_exceptions.rb:33:in `call'
railties (5.2.3) lib/rails/rack/logger.rb:38:in `call_app'
railties (5.2.3) lib/rails/rack/logger.rb:26:in `block in call'
activesupport (5.2.3) lib/active_support/tagged_logging.rb:71:in `block in tagged'
activesupport (5.2.3) lib/active_support/tagged_logging.rb:28:in `tagged'
activesupport (5.2.3) lib/active_support/tagged_logging.rb:71:in `tagged'
railties (5.2.3) lib/rails/rack/logger.rb:26:in `call'
sprockets-rails (3.2.1) lib/sprockets/rails/quiet_assets.rb:13:in `call'
actionpack (5.2.3) lib/action_dispatch/middleware/remote_ip.rb:81:in `call'
actionpack (5.2.3) lib/action_dispatch/middleware/request_id.rb:27:in `call'
rack (2.0.7) lib/rack/method_override.rb:22:in `call'
rack (2.0.7) lib/rack/runtime.rb:22:in `call'
activesupport (5.2.3) lib/active_support/cache/strategy/local_cache_middleware.rb:29:in `call'
actionpack (5.2.3) lib/action_dispatch/middleware/executor.rb:14:in `call'
actionpack (5.2.3) lib/action_dispatch/middleware/static.rb:127:in `call'
rack (2.0.7) lib/rack/sendfile.rb:111:in `call'
railties (5.2.3) lib/rails/engine.rb:524:in `call'
puma (3.12.1) lib/puma/configuration.rb:227:in `call'
puma (3.12.1) lib/puma/server.rb:660:in `handle_request'
puma (3.12.1) lib/puma/server.rb:474:in `process_client'
puma (3.12.1) lib/puma/server.rb:334:in `block in run'
puma (3.12.1) lib/puma/thread_pool.rb:135:in `block in spawn_thread'
Started GET "/" for ::1 at 2019-04-15 14:33:49 +1000
Processing by PagesController#hello as HTML
  Rendering pages/hello.html.erb within layouts/application
  Rendered pages/hello.html.erb within layouts/application (0.4ms)
Completed 200 OK in 14ms (Views: 13.4ms | ActiveRecord: 0.0ms)


Started GET "/img/books.jpeg" for ::1 at 2019-04-15 14:33:53 +1000
  
ActionController::RoutingError (No route matches [GET] "/img/books.jpeg"):
  
actionpack (5.2.3) lib/action_dispatch/middleware/debug_exceptions.rb:65:in `call'
web-console (3.7.0) lib/web_console/middleware.rb:135:in `call_app'
web-console (3.7.0) lib/web_console/middleware.rb:30:in `block in call'
web-console (3.7.0) lib/web_console/middleware.rb:20:in `catch'
web-console (3.7.0) lib/web_console/middleware.rb:20:in `call'
actionpack (5.2.3) lib/action_dispatch/middleware/show_exceptions.rb:33:in `call'
railties (5.2.3) lib/rails/rack/logger.rb:38:in `call_app'
railties (5.2.3) lib/rails/rack/logger.rb:26:in `block in call'
activesupport (5.2.3) lib/active_support/tagged_logging.rb:71:in `block in tagged'
activesupport (5.2.3) lib/active_support/tagged_logging.rb:28:in `tagged'
activesupport (5.2.3) lib/active_support/tagged_logging.rb:71:in `tagged'
railties (5.2.3) lib/rails/rack/logger.rb:26:in `call'
sprockets-rails (3.2.1) lib/sprockets/rails/quiet_assets.rb:13:in `call'
actionpack (5.2.3) lib/action_dispatch/middleware/remote_ip.rb:81:in `call'
actionpack (5.2.3) lib/action_dispatch/middleware/request_id.rb:27:in `call'
rack (2.0.7) lib/rack/method_override.rb:22:in `call'
rack (2.0.7) lib/rack/runtime.rb:22:in `call'
activesupport (5.2.3) lib/active_support/cache/strategy/local_cache_middleware.rb:29:in `call'
actionpack (5.2.3) lib/action_dispatch/middleware/executor.rb:14:in `call'
actionpack (5.2.3) lib/action_dispatch/middleware/static.rb:127:in `call'
rack (2.0.7) lib/rack/sendfile.rb:111:in `call'
railties (5.2.3) lib/rails/engine.rb:524:in `call'
puma (3.12.1) lib/puma/configuration.rb:227:in `call'
puma (3.12.1) lib/puma/server.rb:660:in `handle_request'
puma (3.12.1) lib/puma/server.rb:474:in `process_client'
puma (3.12.1) lib/puma/server.rb:334:in `block in run'
puma (3.12.1) lib/puma/thread_pool.rb:135:in `block in spawn_thread'
